<?xml version="1.0" encoding="utf-8"?><testsuites name="pytest tests"><testsuite name="pytest" errors="0" failures="0" skipped="0" tests="24" time="22.614" timestamp="2026-07-11T02:55:49.985531+00:00" hostname="agent-env-76e95540-08d1-4676-b34e-6ad5f61264d4"><testcase classname="tests.test_phase2" name="test_auth_me" time="0.247" /><testcase classname="tests.test_phase2" name="test_seed_wiped" time="0.125" /><testcase classname="tests.test_phase2" name="test_create_manual_project" time="0.116" /><testcase classname="tests.test_phase2" name="test_put_updates_new_fields" time="0.202" /><testcase classname="tests.test_phase2" name="test_status_filter" time="0.097" /><testcase classname="tests.test_phase2" name="test_public_excludes_non_published" time="0.320" /><testcase classname="tests.test_phase2" name="test_bulk_set_status" time="0.211" /><testcase classname="tests.test_phase2" name="test_bulk_set_organization" time="0.169" /><testcase classname="tests.test_phase2" name="test_bulk_add_tags" time="0.169" /><testcase classname="tests.test_phase2" name="test_bulk_set_featured" time="0.048" /><testcase classname="tests.test_phase2" name="test_bulk_archive" time="0.152" /><testcase classname="tests.test_phase2" name="test_bulk_delete" time="0.305" /><testcase classname="tests.test_phase2" name="test_bulk_reorder" time="0.331" /><testcase classname="tests.test_phase2" name="test_ai_suggest" time="8.361" /><testcase classname="tests.test_phase2" name="test_ai_case_study" time="7.709" /><testcase classname="tests.test_phase2" name="test_ai_improve_description" time="2.428" /><testcase classname="tests.test_phase2" name="test_apply_suggestions" time="0.195" /><testcase classname="tests.test_phase2" name="test_asset_upload" time="0.118" /><testcase classname="tests.test_phase2" name="test_asset_list" time="0.158" /><testcase classname="tests.test_phase2" name="test_asset_attached_to_project" time="0.233" /><testcase classname="tests.test_phase2" name="test_asset_file_serve" time="0.111" /><testcase classname="tests.test_phase2" name="test_asset_delete" time="0.105" /><testcase classname="tests.test_phase2" name="test_asset_upload_unauthorized" time="0.096" /><testcase classname="tests.test_phase2" name="test_admin_dashboard_v2" time="0.472" /></testsuite></testsuites>